2018-11-16T11:34:50.997Z - normal: Load ~/.CocosCreator/settings.json
2018-11-16T11:34:51.000Z - normal: checking language setting...
2018-11-16T11:34:51.000Z - normal: Language: zh
2018-11-16T11:34:51.402Z - success: protocol editor-framework registered
2018-11-16T11:34:51.402Z - success: protocol app registered
2018-11-16T11:34:51.403Z - success: protocol theme registered
2018-11-16T11:34:51.403Z - success: protocol packages registered
2018-11-16T11:34:51.403Z - success: protocol unpack registerred
2018-11-16T11:34:51.403Z - success: protocol disable-commonjs registerred
2018-11-16T11:34:51.607Z - normal: connected!
2018-11-16T11:34:51.610Z - normal: Check project /Users/upbins/CodeProject/CreatorProject/HardestGame
2018-11-16T11:34:51.613Z - normal: Initializing project /Users/upbins/CodeProject/CreatorProject/HardestGame
2018-11-16T11:34:51.618Z - normal: Initializing Cocos2d
2018-11-16T11:34:52.243Z - normal: Initializing Asset Database
2018-11-16T11:34:52.273Z - success: protocol uuid registerred
2018-11-16T11:34:52.273Z - success: protocol db registerred
2018-11-16T11:34:52.273Z - success: protocol thumbnail registerred
2018-11-16T11:34:52.273Z - normal: Loading editor/builtin packages
2018-11-16T11:34:52.412Z - success: assets loaded
2018-11-16T11:34:52.416Z - success: builder loaded
2018-11-16T11:34:52.419Z - success: cocos-analytics loaded
2018-11-16T11:34:52.423Z - success: console loaded
2018-11-16T11:34:52.453Z - success: fb-instant-games loaded
2018-11-16T11:34:52.459Z - success: hierarchy loaded
2018-11-16T11:34:52.462Z - success: inspector loaded
2018-11-16T11:34:52.464Z - success: keystore loaded
2018-11-16T11:34:52.468Z - success: node-library loaded
2018-11-16T11:34:52.470Z - success: package-asset loaded
2018-11-16T11:34:52.471Z - success: preferences loaded
2018-11-16T11:34:52.474Z - success: project-exporter loaded
2018-11-16T11:34:52.487Z - success: project-importer loaded
2018-11-16T11:34:52.490Z - success: project-settings loaded
2018-11-16T11:34:52.497Z - success: ui-kit loaded
2018-11-16T11:34:52.501Z - success: scene loaded
2018-11-16T11:34:52.502Z - success: sprite-editor loaded
2018-11-16T11:34:52.506Z - success: store loaded
2018-11-16T11:34:52.511Z - success: timeline loaded
2018-11-16T11:34:52.511Z - normal: Loading builtin packages
2018-11-16T11:34:52.515Z - success: asset-db-debugger loaded
2018-11-16T11:34:52.516Z - success: color-picker loaded
2018-11-16T11:34:52.517Z - success: jsb-adapter loaded
2018-11-16T11:34:52.521Z - success: package-manager loaded
2018-11-16T11:34:52.590Z - success: qqplay-adapter loaded
2018-11-16T11:34:52.596Z - success: sdkbox loaded
2018-11-16T11:34:52.602Z - success: tester loaded
2018-11-16T11:34:52.608Z - success: ui-grid loaded
2018-11-16T11:34:52.612Z - success: ui-kit-preview-extra loaded
2018-11-16T11:34:52.617Z - success: ui-kit-preview loaded
2018-11-16T11:34:52.622Z - success: ui-tree loaded
2018-11-16T11:34:52.623Z - success: weapp-adapter loaded
2018-11-16T11:34:53.435Z - normal: Loading packages
2018-11-16T11:34:53.442Z - normal: Watching packages
2018-11-16T11:34:53.503Z - normal: Run Application
2018-11-16T11:34:56.302Z - success: preview server running at http://localhost:7456
